Determining if the Perl module Regexp::Common exists failed with the following error output:
Can't locate Regexp/Common.pm in @INC (you may need to install the Regexp::Common module) (@INC contains: /etc/perl /usr/local/lib/x86_64-linux-gnu/perl/5.22.1 /usr/local/share/perl/5.22.1 /usr/lib/x86_64-linux-gnu/perl5/5.22 /usr/share/perl5 /usr/lib/x86_64-linux-gnu/perl/5.22 /usr/share/perl/5.22 /usr/local/lib/site_perl /usr/lib/x86_64-linux-gnu/perl-base .) at -e line 1.
BEGIN failed--compilation aborted at -e line 1.


Determining if the Perl module Getopt::ArgvFile exists failed with the following error output:
Can't locate Getopt/ArgvFile.pm in @INC (you may need to install the Getopt::ArgvFile module) (@INC contains: /etc/perl /usr/local/lib/x86_64-linux-gnu/perl/5.22.1 /usr/local/share/perl/5.22.1 /usr/lib/x86_64-linux-gnu/perl5/5.22 /usr/share/perl5 /usr/lib/x86_64-linux-gnu/perl/5.22 /usr/share/perl/5.22 /usr/local/lib/site_perl /usr/lib/x86_64-linux-gnu/perl-base .) at -e line 1.
BEGIN failed--compilation aborted at -e line 1.


Performing C++ SOURCE FILE Test BT_USE_DOUBLE_PRECISION failed with the following output:
Change Dir: /home/mrl/dart/HandTasks/CMakeFiles/CMakeTmp

Run Build Command:"/usr/bin/make" "cmTC_2f5d3/fast"
make[1]: Entering directory '/home/mrl/dart/HandTasks/CMakeFiles/CMakeTmp'
/usr/bin/make -f CMakeFiles/cmTC_2f5d3.dir/build.make CMakeFiles/cmTC_2f5d3.dir/build
make[2]: Entering directory '/home/mrl/dart/HandTasks/CMakeFiles/CMakeTmp'
Building CXX object CMakeFiles/cmTC_2f5d3.dir/src.cxx.o
/usr/bin/c++   -DBT_USE_DOUBLE_PRECISION -I/usr/include/bullet  -Wall -Wextra -fPIC -DBT_USE_DOUBLE_PRECISION -w   -o CMakeFiles/cmTC_2f5d3.dir/src.cxx.o -c /home/mrl/dart/HandTasks/CMakeFiles/CMakeTmp/src.cxx
Linking CXX executable cmTC_2f5d3
/usr/bin/cmake -E cmake_link_script CMakeFiles/cmTC_2f5d3.dir/link.txt --verbose=1
/usr/bin/c++    -Wall -Wextra -fPIC -DBT_USE_DOUBLE_PRECISION -w    CMakeFiles/cmTC_2f5d3.dir/src.cxx.o  -o cmTC_2f5d3 /usr/lib/x86_64-linux-gnu/libBulletDynamics.so /usr/lib/x86_64-linux-gnu/libBulletCollision.so /usr/lib/x86_64-linux-gnu/libLinearMath.so /usr/lib/x86_64-linux-gnu/libBulletSoftBody.so 
CMakeFiles/cmTC_2f5d3.dir/src.cxx.o: In function `main':
src.cxx:(.text+0x80): undefined reference to `btStaticPlaneShape::btStaticPlaneShape(btVector3 const&, double)'
collect2: error: ld returned 1 exit status
CMakeFiles/cmTC_2f5d3.dir/build.make:101: recipe for target 'cmTC_2f5d3' failed
make[2]: *** [cmTC_2f5d3] Error 1
make[2]: Leaving directory '/home/mrl/dart/HandTasks/CMakeFiles/CMakeTmp'
Makefile:126: recipe for target 'cmTC_2f5d3/fast' failed
make[1]: *** [cmTC_2f5d3/fast] Error 2
make[1]: Leaving directory '/home/mrl/dart/HandTasks/CMakeFiles/CMakeTmp'

Source file was:

    #include <btBulletCollisionCommon.h>
    int main()
    {
      btVector3 v(0., 0., 1.);
      btStaticPlaneShape planeShape(v, 0.);
      return 0;
    }
    
